MPASM 5.68                            KP.ASM   12-23-2018  16:42:06         PAGE  1


LOC  OBJECT CODE     LINE SOURCE TEXT
  VALUE

                      00001 ;******************************************************************************
                      00002 ;   This file is a basic template for creating relocatable assembly code for  *
                      00003 ;   a PIC18F2520. Copy this file into your project directory and modify or    *
                      00004 ;   add to it as needed.                                                      *
                      00005 ;                                                                             *
                      00006 ;   The PIC18FXXXX architecture allows two interrupt configurations. This     *
                      00007 ;   template code is written for priority interrupt levels and the IPEN bit   *
                      00008 ;   in the RCON register must be set to enable priority levels. If IPEN is    *
                      00009 ;   left in its default zero state, only the interrupt vector at 0x008 will   *
                      00010 ;   be used and the WREG_TEMP, BSR_TEMP and STATUS_TEMP variables will not    *
                      00011 ;   be needed.                                                                *
                      00012 ;                                                                             *
                      00013 ;   Refer to the MPASM User's Guide for additional information on the         *
                      00014 ;   features of the assembler and linker.                                     *
                      00015 ;                                                                             *
                      00016 ;   Refer to the PIC18Fxx20 Data Sheet for additional                         *
                      00017 ;   information on the architecture and instruction set.                      *
                      00018 ;                                                                             *
                      00019 ;******************************************************************************
                      00020 ;                                                                             *
                      00021 ;    Filename:                                                                *
                      00022 ;    Date:                                                                    *
                      00023 ;    File Version:                                                            *
                      00024 ;                                                                             *
                      00025 ;    Author:                                                                  *
                      00026 ;    Company:                                                                 *
                      00027 ;                                                                             * 
                      00028 ;******************************************************************************
                      00029 ;                                                                             *
                      00030 ;    Files required: P18F2520.INC                                             *
                      00031 ;                                                                             *
                      00032 ;******************************************************************************
                      00033 
                      00034         LIST P=18F2520, F=INHX32 ;directive to define processor and file format
                      00035         #include <p18f2520.INC>  ;processor specific variable definitions
                      00001         LIST
                      00002 
                      00003 ;==========================================================================
                      00004 ; Build date : May 15 2016
                      00005 ;  MPASM PIC18F2520 processor include
                      00006 ; 
                      00007 ;  (c) Copyright 1999-2016 Microchip Technology, All rights reserved
                      00008 ;==========================================================================
                      00009 
                      01334         LIST
                      00036 
                      00037 ;******************************************************************************
                      00038 ;Configuration bits
                      00039 ;Microchip has changed the format for defining the configuration bits, please 
                      00040 ;see the .inc file for futher details on notation.  Below are a few examples.
                      00041 
                      00042 
                      00043 
MPASM 5.68                            KP.ASM   12-23-2018  16:42:06         PAGE  2


LOC  OBJECT CODE     LINE SOURCE TEXT
  VALUE

                      00044 ;   Oscillator Selection:
                      00045     CONFIG      OSC = INTIO67, WDT = OFF, PBADEN = OFF;, MCLRE = ON, DEBUG = ON             ;LP
                      00046 
                      00047 ;******************************************************************************
                      00048 ;Variable definitions
                      00049 ; These variables are only needed if low priority interrupts are used. 
                      00050 ; More variables may be needed to store other special function registers used
                      00051 ; in the interrupt routines.
                      00052 
                      00053                 UDATA
                      00054 
000000                00055 WREG_TEMP       RES     1       ;variable in RAM for context saving 
000001                00056 STATUS_TEMP     RES     1       ;variable in RAM for context saving
000002                00057 BSR_TEMP        RES     1       ;variable in RAM for context saving
                      00058 
                      00059                 UDATA_ACS
                      00060 
000000                00061 EXAMPLE             RES     1   ;example of a variable in access RAM
000001                00062 NUM_TO_MUL_05       RES     1
000002                00063 NUM_TO_MUL_025      RES     1
000003                00064 NUM_TO_MUL_0125     RES     1   
000004                00065 NUM_TO_MUL_075      RES     1
000005                00066 NUM_TO_MUL_075_COPY RES     1
                      00067  
000006                00068 Num_HighInt         RES     1
000007                00069 Num                 RES     1
000008                00070 NumA                RES     1
000009                00071 NumA_prev           RES     1
00000A                00072 NumB                RES     1   
00000B                00073 NumB_prev           RES     1   
00000C                00074 NumB_prev2          RES     1
00000D                00075 NumA_RES            RES     1
00000E                00076 NumA_prev_RES       RES     1
00000F                00077 NumB_prev_RES       RES     1   
000010                00078 NumB_prev2_RES      RES     1
000011                00079 TMP_V               RES     1                       
                      00080                     
                      00081         
                      00082 
                      00083 ;******************************************************************************
                      00084 ;EEPROM data
                      00085 ; Data to be programmed into the Data EEPROM is defined here
                      00086 
                      00087 DATA_EEPROM     CODE    0xf00000
                      00088 
F00000 6554 7473 4420 00089                 DE      "Test Data",0,1,2,3,4,5
       7461 0061 0201 
       0403 0005 
                      00090 
                      00091 ;******************************************************************************
                      00092 ;Reset vector
                      00093 ; This code will start executing when a reset occurs.
                      00094 
MPASM 5.68                            KP.ASM   12-23-2018  16:42:06         PAGE  3


LOC  OBJECT CODE     LINE SOURCE TEXT
  VALUE

                      00095 RESET_VECTOR    CODE    0x0000
                      00096 
000000 EF?? F???      00097                 goto    Main            ;go to start of main code
                      00098 
                      00099 ;******************************************************************************
                      00100 ;High priority interrupt vector
                      00101 ; This code will start executing when a high priority interrupt occurs or
                      00102 ; when any interrupt occurs if interrupt priorities are not enabled.
                      00103 
                      00104 HI_INT_VECTOR   CODE    0x0008
                      00105 
000008 D???           00106                 bra     HighInt         ;go to high priority interrupt routine
                      00107 
                      00108 ;******************************************************************************
                      00109 ;Low priority interrupt vector
                      00110 ; This code will start executing when a low priority interrupt occurs.
                      00111 ; This code can be removed if low priority interrupts are not used.
                      00112 
                      00113 LOW_INT_VECTOR  CODE    0x0018
                      00114 
000018 D???           00115                 bra     LowInt          ;go to low priority interrupt routine
                      00116 
                      00117 ;******************************************************************************
                      00118 ;High priority interrupt routine
                      00119 ; The high priority interrupt code is placed here.
                      00120 
                      00121                 CODE
                      00122 
000000                00123 HighInt:
                      00124 
                      00125 ;       *** high priority interrupt code goes here ***
000000 92F2           00126                 BCF INTCON,INT0IF; Сброс флага прерывания
000002 848A           00127                 BSF LATB,RB2; Включение светодиода RB2
Warning[202]: Argument out of range.  Least significant bits used.
000004 0E00           00128                 MOVLW .256
000006 6E??           00129                 MOVWF Num_HighInt
000008 EE01 F000      00130                 LFSR FSR0,0x100
                      00131                 
00000C 0EF0           00132 Mint1:          MOVLW 0xF0
00000E 6ECF           00133                 MOVWF TMR1H
000010 0EC8           00134                 MOVLW 0xC8
000012 6ECE           00135                 MOVWF TMR1L
000014 909E           00136                 BCF PIR1,TMR1IF; Сброс флага таймера
000016 80CD           00137                 BSF T1CON,TMR1ON; Включение таймера
000018 A09E           00138 Mint2:          BTFSS PIR1,TMR1IF; Задержка ~3.9 мс
00001A D???           00139                     BRA Mint2
00001C 82C2           00140                 BSF ADCON0,1; Запуск АЦП
00001E A2C2           00141 Mint3:          BTFSS ADCON0,1; Проверка на завершение оцифровки
000020 D???           00142                     BRA Mint3
000022 CFC4 F???      00143                 MOVFF ADRESH,TMP_V; Запись значений в массив А
000026 0E81           00144                 MOVLW 0x81
000028 26??           00145                 ADDWF TMP_V,F
00002A C??? FFEF      00146                 MOVFF TMP_V,INDF0; Запись значений в массив А
MPASM 5.68                            KP.ASM   12-23-2018  16:42:06         PAGE  4


LOC  OBJECT CODE     LINE SOURCE TEXT
  VALUE

00002E 2AE9           00147                 INCF FSR0L,F
000030 2E??           00148                 DECFSZ Num,F
000032 D???           00149                     BRA Mint1
000034 868A           00150                 BSF LATB,RB3; Включение светодиода RB3
000036 0011           00151                 RETFIE FAST
                      00152 
                      00153 ;******************************************************************************
                      00154 ;Low priority interrupt routine
                      00155 ; The low priority interrupt code is placed here.
                      00156 ; This code can be removed if low priority interrupts are not used.
                      00157 
000038                00158 LowInt:
000038 CFD8 F???      00159                 movff   STATUS,STATUS_TEMP      ;save STATUS register
00003C CFE8 F???      00160                 movff   WREG,WREG_TEMP          ;save working register
000040 CFE0 F???      00161                 movff   BSR,BSR_TEMP            ;save BSR register
                      00162 
                      00163 ;       *** low priority interrupt code goes here ***
                      00164 
                      00165 
000044 C??? FFE0      00166                 movff   BSR_TEMP,BSR            ;restore BSR register
000048 C??? FFE8      00167                 movff   WREG_TEMP,WREG          ;restore working register
00004C C??? FFD8      00168                 movff   STATUS_TEMP,STATUS      ;restore STATUS register
000050 0010           00169                 retfie
                      00170 
                      00171 ;******************************************************************************
                      00172 ;Start of main program
                      00173 ; The main program code is placed here.
                      00174 
                      00175 
                      00176 
000052                00177 Main:
                      00178         
000052 EC?? F???      00179         CALL CLRF_ALL
000056 0000           00180         NOP
000058 EC?? F???      00181         CALL CONF
                      00182 
00005C A68A           00183 M1:     BTFSS LATB,RB3
00005E D???           00184             BRA M1
                      00185         
                      00186         ;MOVLW .100
                      00187         ;MOVWF INDF0
                      00188         
Warning[202]: Argument out of range.  Least significant bits used.
000060 0E00           00189         MOVLW .256
000062 6E??           00190         MOVWF Num
000064 EE01 F000      00191         LFSR FSR0,0x100
000068 EE13 F000      00192         LFSR FSR1,0x300
                      00193         
00006C C??? F???      00194 M2:     MOVFF NumA,NumA_prev
000070 C??? F???      00195         MOVFF NumB_prev,NumB_prev2
000074 C??? F???      00196         MOVFF NumB,NumB_prev
000078 6A??           00197         CLRF NumB
                      00198         
MPASM 5.68                            KP.ASM   12-23-2018  16:42:06         PAGE  5


LOC  OBJECT CODE     LINE SOURCE TEXT
  VALUE

00007A CFEF F???      00199         MOVFF INDF0,NumA
00007E EC?? F???      00200         CALL MAIN_FUNC
000082 C??? FFE7      00201         MOVFF NumB,INDF1
                      00202         
000086 2AE1           00203         INCF FSR1L,F
000088 2AE9           00204         INCF FSR0L,F
00008A 2E??           00205         DECFSZ Num,F
00008C D???           00206             BRA M2
                      00207         
00008E 888A           00208         BSF LATB,RB4
                      00209         
000090 B281           00210 M3:     BTFSC PORTB,RB1
000092 D???           00211             BRA M3
                      00212         
000094 EF?? F???      00213         GOTO Main
                      00214   
000098                00215 CLRF_ALL:
000098 6A??           00216         CLRF Num_HighInt
00009A 6A??           00217         CLRF Num        
00009C 6A??           00218         CLRF NumA
00009E 6A??           00219         CLRF NumA_RES
0000A0 6A??           00220         CLRF NumA_prev
0000A2 6A??           00221         CLRF NumA_prev_RES
0000A4 6A??           00222         CLRF NumB
0000A6 6A??           00223         CLRF NumB_prev
0000A8 6A??           00224         CLRF NumB_prev_RES
0000AA 6A??           00225         CLRF NumB_prev2
0000AC 6A??           00226         CLRF NumB_prev2_RES
0000AE 6A??           00227         CLRF NUM_TO_MUL_05
0000B0 6A??           00228         CLRF NUM_TO_MUL_025
0000B2 6A??           00229         CLRF NUM_TO_MUL_0125    
0000B4 6A??           00230         CLRF NUM_TO_MUL_075
0000B6 6A??           00231         CLRF NUM_TO_MUL_075_COPY
0000B8 6A??           00232         CLRF TMP_V
0000BA 0012           00233         RETURN
                      00234         
0000BC                00235 CONF:
                      00236         ;OSCILLATOR 
0000BC 0E6A           00237         MOVLW b'01101010';Fosc = 4 MHz
0000BE 6ED3           00238         MOVWF OSCCON
0000C0 0E80           00239         MOVLW b'10000000';F = 8 MHz
0000C2 6E9B           00240         MOVWF OSCTUNE
                      00241         ;ADC
0000C4 0E14           00242         MOVLW b'00010100';
0000C6 6EC0           00243         MOVWF ADCON2
0000C8 0E0E           00244         MOVLW b'00001110'; Аналоговый вход AN0, остальные - цифровые
0000CA 6EC1           00245         MOVWF ADCON1
0000CC 0E01           00246         MOVLW b'00000001'; Канал AD0
0000CE 6EC2           00247         MOVWF ADCON0
                      00248         ;TIMER
0000D0 0E81           00249         MOVLW b'10000001';16-битный, Т=1мкс
0000D2 6ECD           00250         MOVWF T1CON
                      00251         
MPASM 5.68                            KP.ASM   12-23-2018  16:42:06         PAGE  6


LOC  OBJECT CODE     LINE SOURCE TEXT
  VALUE

0000D4 88F2           00252         BSF INTCON,INT0IE; Нажатие кнопки вызывает прерывания
0000D6 9CF1           00253         BCF INTCON2,INTEDG0; По отрицательному фронту
0000D8 8ED0           00254         BSF RCON,IPEN
0000DA 8EF2           00255         BSF INTCON,GIEH
                      00256         ; Порты входных индикаторов
0000DC 8092           00257         BSF TRISA,RA0
0000DE 8093           00258         BSF TRISB,RB0
0000E0 8293           00259         BSF TRISB,RB1
                      00260         ; Порты выходных индикаторов
0000E2 9493           00261         BCF TRISB,RB2
0000E4 9693           00262         BCF TRISB,RB3
0000E6 9893           00263         BCF TRISB,RB4
0000E8 9A93           00264         BCF TRISB,RB5
0000EA 6A8A           00265         CLRF LATB
                      00266         
0000EC 0012           00267         RETURN
                      00268 
                      00269                 
0000EE                00270 MAIN_FUNC:
0000EE C??? F???      00271         MOVFF NumA,NUM_TO_MUL_0125
0000F2 EC?? F???      00272         CALL FUNC_MUL_TO_0125
0000F6 C??? F???      00273         MOVFF NUM_TO_MUL_0125,NumA_RES
                      00274         
0000FA C??? F???      00275         MOVFF NumA_prev,NUM_TO_MUL_025
0000FE EC?? F???      00276         CALL FUNC_MUL_TO_025
000102 C??? F???      00277         MOVFF NUM_TO_MUL_025,NumA_prev_RES
                      00278         
000106 C??? F???      00279         MOVFF NumB_prev,NUM_TO_MUL_0125
00010A EC?? F???      00280         CALL FUNC_MUL_TO_0125
00010E C??? F???      00281         MOVFF NUM_TO_MUL_0125,NumB_prev_RES
                      00282         
000112 C??? F???      00283         MOVFF NumB_prev2,NUM_TO_MUL_075
000116 EC?? F???      00284         CALL FUNC_MUL_TO_075
00011A C??? F???      00285         MOVFF NUM_TO_MUL_075,NumB_prev2_RES
                      00286         
00011E 50??           00287         MOVF NumA_RES,W
000120 26??           00288         ADDWF NumB,F
                      00289         
000122 6C??           00290         NEGF NumA_prev_RES
000124 50??           00291         MOVF NumA_prev_RES,W
000126 26??           00292         ADDWF NumB,F
                      00293         
000128 50??           00294         MOVF NumB_prev_RES,W
00012A 26??           00295         ADDWF NumB,F
                      00296         
00012C 6C??           00297         NEGF NumB_prev2_RES
00012E 50??           00298         MOVF NumB_prev2_RES,W
000130 26??           00299         ADDWF NumB,F
                      00300         
000132 0012           00301         RETURN
                      00302         
000134                00303 FUNC_MUL_TO_05:
000134 AE??           00304         BTFSS NUM_TO_MUL_05,7
MPASM 5.68                            KP.ASM   12-23-2018  16:42:06         PAGE  7


LOC  OBJECT CODE     LINE SOURCE TEXT
  VALUE

000136 D???           00305             BRA K1_05
000138 D???           00306         BRA K2_05
00013A 32??           00307 K1_05:  RRCF NUM_TO_MUL_05,F
00013C 9E??           00308         BCF NUM_TO_MUL_05,7
00013E D???           00309         BRA K3_05
000140 32??           00310 K2_05:  RRCF NUM_TO_MUL_05,F
000142 8E??           00311         BSF NUM_TO_MUL_05,7
000144 D???           00312         BRA K3_05
000146 0012           00313 K3_05:  RETURN
                      00314         
000148                00315 FUNC_MUL_TO_025:
000148 AE??           00316         BTFSS NUM_TO_MUL_025,7
00014A D???           00317             BRA K1_025
00014C D???           00318         BRA K2_025
00014E 32??           00319 K1_025: RRCF NUM_TO_MUL_025,F
000150 9E??           00320         BCF NUM_TO_MUL_025,7
000152 32??           00321         RRCF NUM_TO_MUL_025,F
000154 9E??           00322         BCF NUM_TO_MUL_025,7
000156 D???           00323         BRA K3_025
000158 32??           00324 K2_025: RRCF NUM_TO_MUL_025,F
00015A 8E??           00325         BSF NUM_TO_MUL_025,7
00015C 32??           00326         RRCF NUM_TO_MUL_025,F
00015E 8E??           00327         BSF NUM_TO_MUL_025,7
000160 D???           00328         BRA K3_025
000162 0012           00329 K3_025: RETURN
                      00330         
000164                00331 FUNC_MUL_TO_0125:
000164 AE??           00332         BTFSS NUM_TO_MUL_0125,7
000166 D???           00333             BRA K1_0125
000168 D???           00334         BRA K2_0125
00016A 32??           00335 K1_0125:RRCF NUM_TO_MUL_0125,F
00016C 9E??           00336         BCF NUM_TO_MUL_0125,7
00016E 32??           00337         RRCF NUM_TO_MUL_0125,F
000170 9E??           00338         BCF NUM_TO_MUL_0125,7
000172 32??           00339         RRCF NUM_TO_MUL_0125,F
000174 9E??           00340         BCF NUM_TO_MUL_0125,7
000176 D???           00341         BRA K3_0125
000178 32??           00342 K2_0125:RRCF NUM_TO_MUL_0125,F
00017A 8E??           00343         BSF NUM_TO_MUL_0125,7
00017C 32??           00344         RRCF NUM_TO_MUL_0125,F
00017E 8E??           00345         BSF NUM_TO_MUL_0125,7
000180 32??           00346         RRCF NUM_TO_MUL_0125,F
000182 8E??           00347         BSF NUM_TO_MUL_0125,7
000184 D???           00348         BRA K3_0125
000186 0012           00349 K3_0125:RETURN
                      00350         
000188                00351 FUNC_MUL_TO_075:
000188 C??? F???      00352         MOVFF NUM_TO_MUL_075,NUM_TO_MUL_025
00018C EC?? F???      00353         CALL FUNC_MUL_TO_025
000190 C??? F???      00354         MOVFF NUM_TO_MUL_025,NUM_TO_MUL_075_COPY
000194 6C??           00355         NEGF NUM_TO_MUL_075_COPY
000196 50??           00356         MOVF NUM_TO_MUL_075_COPY,W
000198 26??           00357         ADDWF NUM_TO_MUL_075,F
MPASM 5.68                            KP.ASM   12-23-2018  16:42:06         PAGE  8


LOC  OBJECT CODE     LINE SOURCE TEXT
  VALUE

00019A 0012           00358         RETURN
                      00359         
                      00360         
                      00361 ;******************************************************************************
                      00362 ;End of program
                      00363                 
                      00364     END
MPASM 5.68                            KP.ASM   12-23-2018  16:42:06         PAGE  9


SYMBOL TABLE
  LABEL                             VALUE 

A                                 00000000
ABDEN                             00000000
ABDOVF                            00000007
ACCESS                            00000000
ACKDT                             00000005
ACKEN                             00000004
ACKSTAT                           00000006
ACQT0                             00000003
ACQT1                             00000004
ACQT2                             00000005
ADCON0                            00000FC2
ADCON1                            00000FC1
ADCON2                            00000FC0
ADCS0                             00000000
ADCS1                             00000001
ADCS2                             00000002
ADDEN                             00000003
ADEN                              00000003
ADFM                              00000007
ADIE                              00000006
ADIF                              00000006
ADIP                              00000006
ADMSK1                            00000001
ADMSK2                            00000002
ADMSK3                            00000003
ADMSK4                            00000004
ADMSK5                            00000005
ADON                              00000000
ADRES                             00000FC3
ADRESH                            00000FC4
ADRESL                            00000FC3
AN0                               00000000
AN1                               00000001
AN10                              00000001
AN11                              00000004
AN12                              00000000
AN2                               00000002
AN3                               00000003
AN4                               00000005
AN8                               00000002
AN9                               00000003
BANKED                            00000001
BAUDCON                           00000FB8
BAUDCTL                           00000FB8
BCLIE                             00000003
BCLIF                             00000003
BCLIP                             00000003
BF                                00000000
BGST                              00000005
BOR                               00000000
BRG16                             00000003
BRGH                              00000002
BSR                               00000FE0
MPASM 5.68                            KP.ASM   12-23-2018  16:42:06         PAGE 10


SYMBOL TABLE
  LABEL                             VALUE 

BSR_TEMP                          00000002
C                                 00000000
C1INV                             00000004
C1OUT_CMCON                       00000006
C1OUT_PORTA                       00000004
C2INV                             00000005
C2OUT_CMCON                       00000007
C2OUT_PORTA                       00000005
CCP1                              00000002
CCP1CON                           00000FBD
CCP1IE                            00000002
CCP1IF                            00000002
CCP1IP                            00000002
CCP1M0                            00000000
CCP1M1                            00000001
CCP1M2                            00000002
CCP1M3                            00000003
CCP1X                             00000005
CCP1Y                             00000004
CCP2CON                           00000FBA
CCP2IE                            00000000
CCP2IF                            00000000
CCP2IP                            00000000
CCP2M0                            00000000
CCP2M1                            00000001
CCP2M2                            00000002
CCP2M3                            00000003
CCP2X                             00000005
CCP2Y                             00000004
CCP2_PORTB                        00000003
CCP2_PORTC                        00000001
CCPR1                             00000FBE
CCPR1H                            00000FBF
CCPR1L                            00000FBE
CCPR2                             00000FBB
CCPR2H                            00000FBC
CCPR2L                            00000FBB
CFGS                              00000006
CHS0                              00000002
CHS1                              00000003
CHS2                              00000004
CHS3                              00000005
CIS                               00000003
CK                                00000006
CKE                               00000006
CKP                               00000004
CLKI                              00000007
CLKO                              00000006
CLRF_ALL                          00000098
CM0                               00000000
CM1                               00000001
CM2                               00000002
CMCON                             00000FB4
MPASM 5.68                            KP.ASM   12-23-2018  16:42:06         PAGE 11


SYMBOL TABLE
  LABEL                             VALUE 

CMIE                              00000006
CMIF                              00000006
CMIP                              00000006
CONF                              000000BC
CREN                              00000004
CSRC                              00000007
CVR0                              00000000
CVR1                              00000001
CVR2                              00000002
CVR3                              00000003
CVRCON                            00000FB5
CVREF                             00000002
CVREN                             00000007
CVROE                             00000006
CVRR                              00000005
CVRSS                             00000004
D                                 00000005
DC                                00000001
DC1B0                             00000004
DC1B1                             00000005
DC2B0                             00000004
DC2B1                             00000005
DDRA                              TRISA
DDRB                              TRISB
DDRC                              TRISC
DDRD                              TRISD
DDRE                              TRISE
DONE                              00000001
D_A                               00000005
D_NOT_A                           00000005
ECCP1AS                           00000FB6
ECCP1DEL                          00000FB7
ECCPAS                            00000FB6
ECCPAS0                           00000004
ECCPAS1                           00000005
ECCPAS2                           00000006
ECCPASE                           00000007
EEADR                             00000FA9
EECON1                            00000FA6
EECON2                            00000FA7
EEDATA                            00000FA8
EEIE                              00000004
EEIF                              00000004
EEIP                              00000004
EEPGD                             00000007
EXAMPLE                           00000000
FAST                              00000001
FERR                              00000002
FLT0                              00000000
FLTS                              00000002
FREE                              00000004
FSR0                              00000000
FSR0H                             00000FEA
MPASM 5.68                            KP.ASM   12-23-2018  16:42:06         PAGE 12


SYMBOL TABLE
  LABEL                             VALUE 

FSR0L                             00000FE9
FSR1                              00000001
FSR1H                             00000FE2
FSR1L                             00000FE1
FSR2                              00000002
FSR2H                             00000FDA
FSR2L                             00000FD9
FUNC_MUL_TO_0125                  00000164
FUNC_MUL_TO_025                   00000148
FUNC_MUL_TO_05                    00000134
FUNC_MUL_TO_075                   00000188
GCEN                              00000007
GIE                               00000007
GIEH                              00000007
GIEL                              00000006
GIE_GIEH                          00000007
GO                                00000001
GO_DONE                           00000001
GO_NOT_DONE                       00000001
HLVDCON                           00000FD2
HLVDEN                            00000004
HLVDIE                            00000002
HLVDIF                            00000002
HLVDIN                            00000005
HLVDIP                            00000002
HLVDL0                            00000000
HLVDL1                            00000001
HLVDL2                            00000002
HLVDL3                            00000003
HighInt                           00000000
IDLEN                             00000007
INDF0                             00000FEF
INDF1                             00000FE7
INDF2                             00000FDF
INT0                              00000000
INT0E                             00000004
INT0F                             00000001
INT0IE                            00000004
INT0IF                            00000001
INT1                              00000001
INT1E                             00000003
INT1F                             00000000
INT1IE                            00000003
INT1IF                            00000000
INT1IP                            00000006
INT1P                             00000006
INT2                              00000002
INT2E                             00000004
INT2F                             00000001
INT2IE                            00000004
INT2IF                            00000001
INT2IP                            00000007
INT2P                             00000007
MPASM 5.68                            KP.ASM   12-23-2018  16:42:06         PAGE 13


SYMBOL TABLE
  LABEL                             VALUE 

INTCON                            00000FF2
INTCON2                           00000FF1
INTCON3                           00000FF0
INTEDG0                           00000006
INTEDG1                           00000005
INTEDG2                           00000004
INTSRC                            00000007
IOFS                              00000002
IPEN                              00000007
IPR1                              00000F9F
IPR2                              00000FA2
IRCF0                             00000004
IRCF1                             00000005
IRCF2                             00000006
IRVST                             00000005
IVRST                             00000005
K1_0125                           0000016A
K1_025                            0000014E
K1_05                             0000013A
K2_0125                           00000178
K2_025                            00000158
K2_05                             00000140
K3_0125                           00000186
K3_025                            00000162
K3_05                             00000146
KBI0                              00000004
KBI1                              00000005
KBI2                              00000006
KBI3                              00000007
LATA                              00000F89
LATA0                             00000000
LATA1                             00000001
LATA2                             00000002
LATA3                             00000003
LATA4                             00000004
LATA5                             00000005
LATA6                             00000006
LATA7                             00000007
LATB                              00000F8A
LATB0                             00000000
LATB1                             00000001
LATB2                             00000002
LATB3                             00000003
LATB4                             00000004
LATB5                             00000005
LATB6                             00000006
LATB7                             00000007
LATC                              00000F8B
LATC0                             00000000
LATC1                             00000001
LATC2                             00000002
LATC3                             00000003
LATC4                             00000004
MPASM 5.68                            KP.ASM   12-23-2018  16:42:06         PAGE 14


SYMBOL TABLE
  LABEL                             VALUE 

LATC5                             00000005
LATC6                             00000006
LATC7                             00000007
LVDCON                            00000FD2
LVDEN                             00000004
LVDIE                             00000002
LVDIF                             00000002
LVDIN                             00000005
LVDIP                             00000002
LVDL0                             00000000
LVDL1                             00000001
LVDL2                             00000002
LVDL3                             00000003
LVV0                              00000000
LVV1                              00000001
LVV2                              00000002
LVV3                              00000003
LowInt                            00000038
M1                                0000005C
M2                                0000006C
M3                                00000090
MAIN_FUNC                         000000EE
MCLR                              00000003
Main                              00000052
Mint1                             0000000C
Mint2                             00000018
Mint3                             0000001E
N                                 00000004
NOT_A                             00000005
NOT_ADDRESS                       00000005
NOT_BOR                           00000000
NOT_DONE                          00000001
NOT_MCLR                          00000003
NOT_PD                            00000002
NOT_POR                           00000001
NOT_RBPU                          00000007
NOT_RI                            00000004
NOT_SS                            00000005
NOT_T1SYNC                        00000002
NOT_T3SYNC                        00000002
NOT_TO                            00000003
NOT_W                             00000002
NOT_WRITE                         00000002
NUM_TO_MUL_0125                   00000003
NUM_TO_MUL_025                    00000002
NUM_TO_MUL_05                     00000001
NUM_TO_MUL_075                    00000004
NUM_TO_MUL_075_COPY               00000005
Num                               00000007
NumA                              00000008
NumA_RES                          0000000D
NumA_prev                         00000009
NumA_prev_RES                     0000000E
MPASM 5.68                            KP.ASM   12-23-2018  16:42:06         PAGE 15


SYMBOL TABLE
  LABEL                             VALUE 

NumB                              0000000A
NumB_prev                         0000000B
NumB_prev2                        0000000C
NumB_prev2_RES                    00000010
NumB_prev_RES                     0000000F
Num_HighInt                       00000006
OERR                              00000001
OSC1                              00000007
OSC2                              00000006
OSCCON                            00000FD3
OSCFIE                            00000007
OSCFIF                            00000007
OSCFIP                            00000007
OSCTUNE                           00000F9B
OSTS                              00000003
OV                                00000003
P                                 00000004
PC                                00000FF9
PCFG0                             00000000
PCFG1                             00000001
PCFG2                             00000002
PCFG3                             00000003
PCL                               00000FF9
PCLATH                            00000FFA
PCLATU                            00000FFB
PD                                00000002
PEIE                              00000006
PEIE_GIEL                         00000006
PEN                               00000002
PGC                               00000006
PGD                               00000007
PGM                               00000005
PIE1                              00000F9D
PIE2                              00000FA0
PIR1                              00000F9E
PIR2                              00000FA1
PLLEN                             00000006
PLUSW0                            00000FEB
PLUSW1                            00000FE3
PLUSW2                            00000FDB
POR                               00000001
PORTA                             00000F80
PORTB                             00000F81
PORTC                             00000F82
PORTE                             00000F84
POSTDEC0                          00000FED
POSTDEC1                          00000FE5
POSTDEC2                          00000FDD
POSTINC0                          00000FEE
POSTINC1                          00000FE6
POSTINC2                          00000FDE
PR2                               00000FCB
PREINC0                           00000FEC
MPASM 5.68                            KP.ASM   12-23-2018  16:42:06         PAGE 16


SYMBOL TABLE
  LABEL                             VALUE 

PREINC1                           00000FE4
PREINC2                           00000FDC
PROD                              00000FF3
PRODH                             00000FF4
PRODL                             00000FF3
PRSEN                             00000007
PSA                               00000003
PSSAC0                            00000002
PSSAC1                            00000003
PWM1CON                           00000FB7
R                                 00000002
RA0                               00000000
RA1                               00000001
RA2                               00000002
RA3                               00000003
RA4                               00000004
RA5                               00000005
RA6                               00000006
RA7                               00000007
RB0                               00000000
RB1                               00000001
RB2                               00000002
RB3                               00000003
RB4                               00000004
RB5                               00000005
RB6                               00000006
RB7                               00000007
RBIE                              00000003
RBIF                              00000000
RBIP                              00000000
RBPU                              00000007
RC0                               00000000
RC1                               00000001
RC2                               00000002
RC3                               00000003
RC4                               00000004
RC5                               00000005
RC6                               00000006
RC7                               00000007
RCEN                              00000003
RCIDL                             00000006
RCIE                              00000005
RCIF                              00000005
RCIP                              00000005
RCMT                              00000006
RCON                              00000FD0
RCREG                             00000FAE
RCSTA                             00000FAB
RD                                00000000
RD16                              00000007
RE3                               00000003
RI                                00000004
RSEN                              00000001
MPASM 5.68                            KP.ASM   12-23-2018  16:42:06         PAGE 17


SYMBOL TABLE
  LABEL                             VALUE 

RX                                00000007
RX9                               00000006
RX9D                              00000000
RXDTP                             00000005
R_NOT_W                           00000002
R_W                               00000002
S                                 00000003
SBOREN                            00000006
SCK                               00000003
SCKP                              00000004
SCL                               00000003
SCS0                              00000000
SCS1                              00000001
SDA                               00000004
SDI                               00000004
SDO                               00000005
SEN                               00000000
SENDB                             00000003
SMP                               00000007
SP0                               00000000
SP1                               00000001
SP2                               00000002
SP3                               00000003
SP4                               00000004
SPBRG                             00000FAF
SPBRGH                            00000FB0
SPEN                              00000007
SREN                              00000005
SS                                00000005
SSPADD                            00000FC8
SSPBUF                            00000FC9
SSPCON1                           00000FC6
SSPCON2                           00000FC5
SSPEN                             00000005
SSPIE                             00000003
SSPIF                             00000003
SSPIP                             00000003
SSPM0                             00000000
SSPM1                             00000001
SSPM2                             00000002
SSPM3                             00000003
SSPOV                             00000006
SSPSTAT                           00000FC7
STATUS                            00000FD8
STATUS_TEMP                       00000001
STKFUL                            00000007
STKOVF                            00000007
STKPTR                            00000FFC
STKUNF                            00000006
SWDTE                             00000000
SWDTEN                            00000000
SYNC                              00000004
T016BIT                           00000006
MPASM 5.68                            KP.ASM   12-23-2018  16:42:06         PAGE 18


SYMBOL TABLE
  LABEL                             VALUE 

T08BIT                            00000006
T0CKI                             00000004
T0CON                             00000FD5
T0CS                              00000005
T0IE                              00000005
T0IF                              00000002
T0PS0                             00000000
T0PS1                             00000001
T0PS2                             00000002
T0PS3                             00000003
T0SE                              00000004
T13CKI                            00000000
T1CKI                             00000000
T1CKPS0                           00000004
T1CKPS1                           00000005
T1CON                             00000FCD
T1OSCEN                           00000003
T1OSI                             00000001
T1OSO                             00000000
T1RUN                             00000006
T1SYNC                            00000002
T2CKPS0                           00000000
T2CKPS1                           00000001
T2CON                             00000FCA
T2OUTPS0                          00000003
T2OUTPS1                          00000004
T2OUTPS2                          00000005
T2OUTPS3                          00000006
T3CCP1                            00000003
T3CCP2                            00000006
T3CKPS0                           00000004
T3CKPS1                           00000005
T3CON                             00000FB1
T3SYNC                            00000002
TABLAT                            00000FF5
TBLPTR                            00000FF6
TBLPTRH                           00000FF7
TBLPTRL                           00000FF6
TBLPTRU                           00000FF8
TMP_V                             00000011
TMR0                              00000FD6
TMR0H                             00000FD7
TMR0IE                            00000005
TMR0IF                            00000002
TMR0IP                            00000002
TMR0L                             00000FD6
TMR0ON                            00000007
TMR1                              00000FCE
TMR1CS                            00000001
TMR1H                             00000FCF
TMR1IE                            00000000
TMR1IF                            00000000
TMR1IP                            00000000
MPASM 5.68                            KP.ASM   12-23-2018  16:42:06         PAGE 19


SYMBOL TABLE
  LABEL                             VALUE 

TMR1L                             00000FCE
TMR1ON                            00000000
TMR2                              00000FCC
TMR2IE                            00000001
TMR2IF                            00000001
TMR2IP                            00000001
TMR2ON                            00000002
TMR3                              00000FB2
TMR3CS                            00000001
TMR3H                             00000FB3
TMR3IE                            00000001
TMR3IF                            00000001
TMR3IP                            00000001
TMR3L                             00000FB2
TMR3ON                            00000000
TO                                00000003
TOS                               00000FFD
TOSH                              00000FFE
TOSL                              00000FFD
TOSU                              00000FFF
TOUTPS0                           00000003
TOUTPS1                           00000004
TOUTPS2                           00000005
TOUTPS3                           00000006
TRISA                             00000F92
TRISA0                            00000000
TRISA1                            00000001
TRISA2                            00000002
TRISA3                            00000003
TRISA4                            00000004
TRISA5                            00000005
TRISA6                            00000006
TRISA7                            00000007
TRISB                             00000F93
TRISB0                            00000000
TRISB1                            00000001
TRISB2                            00000002
TRISB3                            00000003
TRISB4                            00000004
TRISB5                            00000005
TRISB6                            00000006
TRISB7                            00000007
TRISC                             00000F94
TRISC0                            00000000
TRISC1                            00000001
TRISC2                            00000002
TRISC3                            00000003
TRISC4                            00000004
TRISC5                            00000005
TRISC6                            00000006
TRISC7                            00000007
TRMT                              00000001
TUN0                              00000000
MPASM 5.68                            KP.ASM   12-23-2018  16:42:06         PAGE 20


SYMBOL TABLE
  LABEL                             VALUE 

TUN1                              00000001
TUN2                              00000002
TUN3                              00000003
TUN4                              00000004
TX                                00000006
TX9                               00000006
TX9D                              00000000
TXCKP                             00000004
TXEN                              00000005
TXIE                              00000004
TXIF                              00000004
TXIP                              00000004
TXREG                             00000FAD
TXSTA                             00000FAC
UA                                00000001
VCFG0                             00000004
VCFG1                             00000005
VDIRMAG                           00000007
VPP                               00000003
VREFN                             00000002
VREFP                             00000003
W                                 00000000
WCOL                              00000007
WDTCON                            00000FD1
WR                                00000001
WREG                              00000FE8
WREG_TEMP                         00000000
WREN                              00000002
WRERR                             00000003
WUE                               00000001
Z                                 00000002
_BOREN_NOSLP_2L                   000000FD
_BOREN_OFF_2L                     000000F9
_BOREN_ON_2L                      000000FB
_BOREN_SBORDIS_2L                 000000FF
_BORV_0_2L                        000000E7
_BORV_1_2L                        000000EF
_BORV_2_2L                        000000F7
_BORV_3_2L                        000000FF
_CCP2MX_PORTBE_3H                 000000FE
_CCP2MX_PORTC_3H                  000000FF
_CONFIG1H                         00300001
_CONFIG2H                         00300003
_CONFIG2L                         00300002
_CONFIG3H                         00300005
_CONFIG4L                         00300006
_CONFIG5H                         00300009
_CONFIG5L                         00300008
_CONFIG6H                         0030000B
_CONFIG6L                         0030000A
_CONFIG7H                         0030000D
_CONFIG7L                         0030000C
_CP0_OFF_5L                       000000FF
MPASM 5.68                            KP.ASM   12-23-2018  16:42:06         PAGE 21


SYMBOL TABLE
  LABEL                             VALUE 

_CP0_ON_5L                        000000FE
_CP1_OFF_5L                       000000FF
_CP1_ON_5L                        000000FD
_CP2_OFF_5L                       000000FF
_CP2_ON_5L                        000000FB
_CP3_OFF_5L                       000000FF
_CP3_ON_5L                        000000F7
_CPB_OFF_5H                       000000FF
_CPB_ON_5H                        000000BF
_CPD_OFF_5H                       000000FF
_CPD_ON_5H                        0000007F
_DEBUG_OFF_4L                     000000FF
_DEBUG_ON_4L                      0000007F
_DEVID1                           003FFFFE
_DEVID2                           003FFFFF
_EBTR0_OFF_7L                     000000FF
_EBTR0_ON_7L                      000000FE
_EBTR1_OFF_7L                     000000FF
_EBTR1_ON_7L                      000000FD
_EBTR2_OFF_7L                     000000FF
_EBTR2_ON_7L                      000000FB
_EBTR3_OFF_7L                     000000FF
_EBTR3_ON_7L                      000000F7
_EBTRB_OFF_7H                     000000FF
_EBTRB_ON_7H                      000000BF
_FCMEN_OFF_1H                     000000BF
_FCMEN_ON_1H                      000000FF
_IDLOC0                           00200000
_IDLOC1                           00200001
_IDLOC2                           00200002
_IDLOC3                           00200003
_IDLOC4                           00200004
_IDLOC5                           00200005
_IDLOC6                           00200006
_IDLOC7                           00200007
_IESO_OFF_1H                      0000007F
_IESO_ON_1H                       000000FF
_LPT1OSC_OFF_3H                   000000FB
_LPT1OSC_ON_3H                    000000FF
_LVP_OFF_4L                       000000FB
_LVP_ON_4L                        000000FF
_MCLRE_OFF_3H                     0000007F
_MCLRE_ON_3H                      000000FF
_OSC_ECIO6_1H                     000000F5
_OSC_EC_1H                        000000F4
_OSC_HSPLL_1H                     000000F6
_OSC_HS_1H                        000000F2
_OSC_INTIO67_1H                   000000F8
_OSC_INTIO7_1H                    000000F9
_OSC_LP_1H                        000000F0
_OSC_RCIO6_1H                     000000F7
_OSC_RC_1H                        000000F3
_OSC_XT_1H                        000000F1
MPASM 5.68                            KP.ASM   12-23-2018  16:42:06         PAGE 22


SYMBOL TABLE
  LABEL                             VALUE 

_PBADEN_OFF_3H                    000000FD
_PBADEN_ON_3H                     000000FF
_PWRT_OFF_2L                      000000FF
_PWRT_ON_2L                       000000FE
_STVREN_OFF_4L                    000000FE
_STVREN_ON_4L                     000000FF
_WDTPS_1024_2H                    000000F5
_WDTPS_128_2H                     000000EF
_WDTPS_16384_2H                   000000FD
_WDTPS_16_2H                      000000E9
_WDTPS_1_2H                       000000E1
_WDTPS_2048_2H                    000000F7
_WDTPS_256_2H                     000000F1
_WDTPS_2_2H                       000000E3
_WDTPS_32768_2H                   000000FF
_WDTPS_32_2H                      000000EB
_WDTPS_4096_2H                    000000F9
_WDTPS_4_2H                       000000E5
_WDTPS_512_2H                     000000F3
_WDTPS_64_2H                      000000ED
_WDTPS_8192_2H                    000000FB
_WDTPS_8_2H                       000000E7
_WDT_OFF_2H                       000000FE
_WDT_ON_2H                        000000FF
_WRT0_OFF_6L                      000000FF
_WRT0_ON_6L                       000000FE
_WRT1_OFF_6L                      000000FF
_WRT1_ON_6L                       000000FD
_WRT2_OFF_6L                      000000FF
_WRT2_ON_6L                       000000FB
_WRT3_OFF_6L                      000000FF
_WRT3_ON_6L                       000000F7
_WRTB_OFF_6H                      000000FF
_WRTB_ON_6H                       000000BF
_WRTC_OFF_6H                      000000FF
_WRTC_ON_6H                       000000DF
_WRTD_OFF_6H                      000000FF
_WRTD_ON_6H                       0000007F
_XINST_OFF_4L                     000000BF
_XINST_ON_4L                      000000FF
__18F2520                         00000001

Errors   :     0
Warnings :     2 reported,     0 suppressed
Messages :     0 reported,     0 suppressed

